<?xml version="1.0" encoding="UTF-8"?>
<!-- Generated by org.testng.reporters.JUnitReportReporter -->
<testsuite hostname="ShreshthaR" failures="0" tests="1" name="JsonFileHandling" time="1.531" errors="0" timestamp="2025-01-03T17:49:45 IST" skipped="0">
  <testcase classname="JsonFileHandling" name="JsonFile" time="1.531"/>
</testsuite> <!-- JsonFileHandling -->
