<?xml version="1.0" encoding="UTF-8"?>
<!-- Generated by org.testng.reporters.JUnitReportReporter -->
<testsuite hostname="ShreshthaR" failures="0" tests="1" name="SumValidation" time="2.749" errors="0" timestamp="2025-01-02T11:24:11 IST" skipped="0">
  <testcase classname="SumValidation" name="sumOfCoursses" time="2.749"/>
</testsuite> <!-- SumValidation -->
