<?xml version="1.0" encoding="UTF-8"?>
<!-- Generated by org.testng.reporters.JUnitReportReporter -->
<testsuite hostname="ShreshthaR" failures="0" tests="3" name="files.DynamicJson" time="5.163" errors="0" timestamp="2025-01-03T17:09:31 IST" skipped="0">
  <testcase classname="files.DynamicJson" name="addBook" time="0.110"/>
  <testcase classname="files.DynamicJson" name="addBook" time="0.152"/>
  <testcase classname="files.DynamicJson" name="addBook" time="4.901"/>
</testsuite> <!-- files.DynamicJson -->
